<?xml version="1.0" encoding="UTF-8"?>
<testng-results ignored="0" total="1" passed="1" failed="0" skipped="0">
  <reporter-output>
  </reporter-output>
  <suite started-at="2023-03-20T13:24:27Z" name="Default suite" finished-at="2023-03-20T13:25:42Z" duration-ms="75544">
    <groups>
    </groups>
    <test started-at="2023-03-20T13:24:27Z" name="Default test" finished-at="2023-03-20T13:25:42Z" duration-ms="75544">
      <class name="com.actitime.qa.testcases.AddUserPageTest">
        <test-method is-config="true" signature="setup()[pri:0, instance:com.actitime.qa.testcases.AddUserPageTest@181e731e]" started-at="2023-03-20T13:24:27Z" name="setup" finished-at="2023-03-20T13:25:02Z" duration-ms="34801" status="PASS">
          <reporter-output>
          </reporter-output>
        </test-method> <!-- setup -->
        <test-method signature="addNewUserTest()[pri:1, instance:com.actitime.qa.testcases.AddUserPageTest@181e731e]" started-at="2023-03-20T13:25:02Z" name="addNewUserTest" finished-at="2023-03-20T13:25:42Z" duration-ms="40424" status="PASS">
          <reporter-output>
          </reporter-output>
        </test-method> <!-- addNewUserTest -->
        <test-method is-config="true" signature="tearDown()[pri:0, instance:com.actitime.qa.testcases.AddUserPageTest@181e731e]" started-at="2023-03-20T13:25:42Z" name="tearDown" finished-at="2023-03-20T13:25:42Z" duration-ms="267" status="PASS">
          <reporter-output>
          </reporter-output>
        </test-method> <!-- tearDown -->
      </class> <!-- com.actitime.qa.testcases.AddUserPageTest -->
    </test> <!-- Default test -->
  </suite> <!-- Default suite -->
</testng-results>
